Statistical profiling result from nobloq.log, (1462 ticks, 1 unaccounted, 0 excluded).

 [Shared libraries]:
   ticks  total  nonlib   name
   1079   73.8%          /home/drmaquino/.nvm/versions/node/v17.0.1/bin/node
     24    1.6%          /usr/lib/x86_64-linux-gnu/libc-2.31.so
      2    0.1%          /usr/lib/x86_64-linux-gnu/libstdc++.so.6.0.28
      1    0.1%          [vdso]

 [JavaScript]:
   ticks  total  nonlib   name
      5    0.3%    1.4%  LazyCompile: *normalizeString node:path:66:25
      4    0.3%    1.1%  LazyCompile: *nextTick node:internal/process/task_queues:104:18
      4    0.3%    1.1%  Function: ^emit node:events:340:44
      3    0.2%    0.8%  Function: ^clearTimeout node:timers:184:22
      2    0.1%    0.6%  LazyCompile: *processTicksAndRejections node:internal/process/task_queues:68:35
      2    0.1%    0.6%  Function: ^parserOnHeadersComplete node:_http_common:77:33
      1    0.1%    0.3%  RegExp: ^((?:@[^/\\%]+\/)?[^./\\%][^/\\%]*)(\/.*)?$
      1    0.1%    0.3%  RegExp: (\[[^[\]]*])
      1    0.1%    0.3%  LazyCompile: *hasHooks node:internal/async_hooks:460:18
      1    0.1%    0.3%  LazyCompile: *fastparse /home/drmaquino/Documents/CODERHOUSE/coderhouse-backend-23105/clases 31 y 32 - loggers y profiling/desafiosYEjemplos/profiling/ejemplos/Profiling/node_modules/parseurl/index.js:95:20
      1    0.1%    0.3%  LazyCompile: *Readable.removeListener node:internal/streams/readable:928:45
      1    0.1%    0.3%  Function: ^stat node:fs:1452:14
      1    0.1%    0.3%  Function: ^setHeader node:_http_outgoing:574:57
      1    0.1%    0.3%  Function: ^serveStatic /home/drmaquino/Documents/CODERHOUSE/coderhouse-backend-23105/clases 31 y 32 - loggers y profiling/desafiosYEjemplos/profiling/ejemplos/Profiling/node_modules/serve-static/index.js:72:31
      1    0.1%    0.3%  Function: ^normalizeParseOptions /home/drmaquino/Documents/CODERHOUSE/coderhouse-backend-23105/clases 31 y 32 - loggers y profiling/desafiosYEjemplos/profiling/ejemplos/Profiling/node_modules/qs/lib/parse.js:189:59
      1    0.1%    0.3%  Function: ^normalize node:path:1127:12
      1    0.1%    0.3%  Function: ^isURLInstance node:internal/url:1544:23
      1    0.1%    0.3%  Function: ^initHooksExist node:internal/async_hooks:468:24
      1    0.1%    0.3%  Function: ^handle /home/drmaquino/Documents/CODERHOUSE/coderhouse-backend-23105/clases 31 y 32 - loggers y profiling/desafiosYEjemplos/profiling/ejemplos/Profiling/node_modules/express/lib/router/index.js:136:31
      1    0.1%    0.3%  Function: ^first /home/drmaquino/Documents/CODERHOUSE/coderhouse-backend-23105/clases 31 y 32 - loggers y profiling/desafiosYEjemplos/profiling/ejemplos/Profiling/node_modules/ee-first/index.js:24:15
      1    0.1%    0.3%  Function: ^error /home/drmaquino/Documents/CODERHOUSE/coderhouse-backend-23105/clases 31 y 32 - loggers y profiling/desafiosYEjemplos/profiling/ejemplos/Profiling/node_modules/serve-static/index.js:115:39
      1    0.1%    0.3%  Function: ^decode /home/drmaquino/Documents/CODERHOUSE/coderhouse-backend-23105/clases 31 y 32 - loggers y profiling/desafiosYEjemplos/profiling/ejemplos/Profiling/node_modules/qs/lib/utils.js:108:23
      1    0.1%    0.3%  Function: ^createListener /home/drmaquino/Documents/CODERHOUSE/coderhouse-backend-23105/clases 31 y 32 - loggers y profiling/desafiosYEjemplos/profiling/ejemplos/Profiling/node_modules/on-finished/index.js:160:24
      1    0.1%    0.3%  Function: ^compact /home/drmaquino/Documents/CODERHOUSE/coderhouse-backend-23105/clases 31 y 32 - loggers y profiling/desafiosYEjemplos/profiling/ejemplos/Profiling/node_modules/qs/lib/utils.js:180:31
      1    0.1%    0.3%  Function: ^attachFinishedListener /home/drmaquino/Documents/CODERHOUSE/coderhouse-backend-23105/clases 31 y 32 - loggers y profiling/desafiosYEjemplos/profiling/ejemplos/Profiling/node_modules/on-finished/index.js:90:32
      1    0.1%    0.3%  Function: ^_writeRaw node:_http_outgoing:344:19
      1    0.1%    0.3%  Function: ^_addListener node:events:418:22
      1    0.1%    0.3%  Function: ^SendStream /home/drmaquino/Documents/CODERHOUSE/coderhouse-backend-23105/clases 31 y 32 - loggers y profiling/desafiosYEjemplos/profiling/ejemplos/Profiling/node_modules/send/index.js:96:21
      1    0.1%    0.3%  Function: ^Readable.removeListener node:internal/streams/readable:928:45
      1    0.1%    0.3%  Function: ^Readable.removeAllListeners node:internal/streams/readable:946:49
      1    0.1%    0.3%  Function: ^<anonymous> /home/drmaquino/Documents/CODERHOUSE/coderhouse-backend-23105/clases 31 y 32 - loggers y profiling/desafiosYEjemplos/profiling/ejemplos/Profiling/node_modules/finalhandler/index.js:86:19

 [C++]:
   ticks  total  nonlib   name
    166   11.4%   46.6%  epoll_pwait
     50    3.4%   14.0%  __write
     29    2.0%    8.1%  fwrite
      6    0.4%    1.7%  std::basic_ostream<char, std::char_traits<char> >& std::__ostream_insert<char, std::char_traits<char> >(std::basic_ostream<char, std::char_traits<char> >&, char const*, long)
      6    0.4%    1.7%  __GI___pthread_mutex_unlock
      5    0.3%    1.4%  std::ostream::sentry::~sentry()
      5    0.3%    1.4%  __pthread_cond_signal
      4    0.3%    1.1%  std::ostream::sentry::sentry(std::ostream&)
      4    0.3%    1.1%  __libc_read
      4    0.3%    1.1%  __libc_malloc
      4    0.3%    1.1%  _IO_file_xsputn
      3    0.2%    0.8%  __pthread_cond_wait
      2    0.1%    0.6%  operator new(unsigned long)
      2    0.1%    0.6%  fputc
      2    0.1%    0.6%  __GI___pthread_rwlock_wrlock
      1    0.1%    0.3%  std::ostream::put(char)
      1    0.1%    0.3%  std::ostream& std::ostream::_M_insert<long>(long)
      1    0.1%    0.3%  std::num_put<char, std::ostreambuf_iterator<char, std::char_traits<char> > >::do_put(std::ostreambuf_iterator<char, std::char_traits<char> >, std::ios_base&, char, long) const
      1    0.1%    0.3%  std::_Rb_tree_increment(std::_Rb_tree_node_base*)
      1    0.1%    0.3%  sigemptyset
      1    0.1%    0.3%  sigaddset
      1    0.1%    0.3%  pthread_sigmask
      1    0.1%    0.3%  operator delete(void*)
      1    0.1%    0.3%  getrusage
      1    0.1%    0.3%  fflush
      1    0.1%    0.3%  cfree
      1    0.1%    0.3%  __munmap
      1    0.1%    0.3%  __mprotect
      1    0.1%    0.3%  __lll_lock_wait
      1    0.1%    0.3%  __clock_gettime
      1    0.1%    0.3%  __GI___pthread_mutex_lock
      1    0.1%    0.3%  _IO_setb
      1    0.1%    0.3%  _IO_link_in

 [Summary]:
   ticks  total  nonlib   name
     45    3.1%   12.6%  JavaScript
    310   21.2%   87.1%  C++
     61    4.2%   17.1%  GC
   1106   75.6%          Shared libraries
      1    0.1%          Unaccounted

 [C++ entry points]:
   ticks    cpp   total   name
     35   36.1%    2.4%  __write
     27   27.8%    1.8%  fwrite
      6    6.2%    0.4%  std::basic_ostream<char, std::char_traits<char> >& std::__ostream_insert<char, std::char_traits<char> >(std::basic_ostream<char, std::char_traits<char> >&, char const*, long)
      5    5.2%    0.3%  std::ostream::sentry::~sentry()
      4    4.1%    0.3%  std::ostream::sentry::sentry(std::ostream&)
      4    4.1%    0.3%  __libc_malloc
      3    3.1%    0.2%  _IO_file_xsputn
      2    2.1%    0.1%  __GI___pthread_rwlock_wrlock
      2    2.1%    0.1%  __GI___pthread_mutex_unlock
      1    1.0%    0.1%  std::ostream& std::ostream::_M_insert<long>(long)
      1    1.0%    0.1%  std::num_put<char, std::ostreambuf_iterator<char, std::char_traits<char> > >::do_put(std::ostreambuf_iterator<char, std::char_traits<char> >, std::ios_base&, char, long) const
      1    1.0%    0.1%  std::_Rb_tree_increment(std::_Rb_tree_node_base*)
      1    1.0%    0.1%  operator new(unsigned long)
      1    1.0%    0.1%  fputc
      1    1.0%    0.1%  fflush
      1    1.0%    0.1%  cfree
      1    1.0%    0.1%  _IO_setb
      1    1.0%    0.1%  _IO_link_in

 [Bottom up (heavy) profile]:
  Note: percentage shows a share of a particular caller in the total
  amount of its parent calls.
  Callers occupying less than 1.0% are not shown.

   ticks parent  name
   1079   73.8%  /home/drmaquino/.nvm/versions/node/v17.0.1/bin/node
    641   59.4%    /home/drmaquino/.nvm/versions/node/v17.0.1/bin/node
    101   15.8%      LazyCompile: ~pbkdf2Sync node:internal/crypto/pbkdf2:68:20
    101  100.0%        LazyCompile: ~<anonymous> /home/drmaquino/Documents/CODERHOUSE/coderhouse-backend-23105/clases 31 y 32 - loggers y profiling/desafiosYEjemplos/profiling/ejemplos/Profiling/server.js:14:21
    101  100.0%          LazyCompile: ~handle /home/drmaquino/Documents/CODERHOUSE/coderhouse-backend-23105/clases 31 y 32 - loggers y profiling/desafiosYEjemplos/profiling/ejemplos/Profiling/node_modules/express/lib/router/layer.js:86:49
    101  100.0%            LazyCompile: ~next /home/drmaquino/Documents/CODERHOUSE/coderhouse-backend-23105/clases 31 y 32 - loggers y profiling/desafiosYEjemplos/profiling/ejemplos/Profiling/node_modules/express/lib/router/route.js:114:16
     62    9.7%      Function: ^compileForInternalLoader node:internal/bootstrap/loaders:299:27
     56   90.3%        Function: ^nativeModuleRequire node:internal/bootstrap/loaders:332:29
     13   23.2%          Function: ~<anonymous> node:crypto:1:1
     13  100.0%            Function: ^compileForInternalLoader node:internal/bootstrap/loaders:299:27
      7   12.5%          Function: ~<anonymous> node:http:1:1
      7  100.0%            Function: ^compileForInternalLoader node:internal/bootstrap/loaders:299:27
      5    8.9%          Function: ~<anonymous> node:tty:1:1
      5  100.0%            Function: ^compileForInternalLoader node:internal/bootstrap/loaders:299:27
      5    8.9%          Function: ~<anonymous> node:internal/child_process:1:1
      5  100.0%            Function: ^compileForInternalLoader node:internal/bootstrap/loaders:299:27
      4    7.1%          Function: ~<anonymous> node:internal/cluster/primary:1:1
      4  100.0%            Function: ^compileForInternalLoader node:internal/bootstrap/loaders:299:27
      4    7.1%          Function: ~<anonymous> node:child_process:1:1
      4  100.0%            Function: ^compileForInternalLoader node:internal/bootstrap/loaders:299:27
      3    5.4%          Function: ~<anonymous> node:_http_client:1:1
      3  100.0%            Function: ^compileForInternalLoader node:internal/bootstrap/loaders:299:27
      2    3.6%          LazyCompile: ~lazyRequire node:internal/crypto/util:67:21
      2  100.0%            LazyCompile: ~get node:crypto:287:8
      2    3.6%          LazyCompile: ~lazyLoadStreams node:fs:2841:25
      2  100.0%            LazyCompile: ~get ReadStream node:fs:2984:17
      2    3.6%          Function: ~<anonymous> node:internal/crypto/pbkdf2:1:1
      2  100.0%            Function: ^compileForInternalLoader node:internal/bootstrap/loaders:299:27
      2    3.6%          Function: ~<anonymous> node:internal/crypto/hkdf:1:1
      2  100.0%            Function: ^compileForInternalLoader node:internal/bootstrap/loaders:299:27
      1    1.8%          LazyCompile: ~listenInCluster node:net:1372:25
      1  100.0%            LazyCompile: ~Server.listen node:net:1414:35
      1    1.8%          Function: ~<anonymous> node:internal/crypto/util:1:1
      1  100.0%            Function: ^compileForInternalLoader node:internal/bootstrap/loaders:299:27
      1    1.8%          Function: ~<anonymous> node:internal/crypto/cipher:1:1
      1  100.0%            Function: ^compileForInternalLoader node:internal/bootstrap/loaders:299:27
      1    1.8%          Function: ~<anonymous> node:internal/cluster/round_robin_handle:1:1
      1  100.0%            Function: ^compileForInternalLoader node:internal/bootstrap/loaders:299:27
      1    1.8%          Function: ~<anonymous> node:dgram:1:1
      1  100.0%            Function: ^compileForInternalLoader node:internal/bootstrap/loaders:299:27
      1    1.8%          Function: ~<anonymous> node:cluster:1:1
      1  100.0%            Function: ^compileForInternalLoader node:internal/bootstrap/loaders:299:27
      1    1.8%          Function: ~<anonymous> node:_http_common:1:1
      1  100.0%            Function: ^compileForInternalLoader node:internal/bootstrap/loaders:299:27
      4    6.5%        Function: ^compileForPublicLoader node:internal/bootstrap/loaders:246:25
      4  100.0%          Function: ^loadNativeModule node:internal/modules/cjs/helpers:44:26
      4  100.0%            Function: ^Module._load node:internal/modules/cjs/loader:757:24
      2    3.2%        LazyCompile: ~compileForPublicLoader node:internal/bootstrap/loaders:246:25
      2  100.0%          Function: ^loadNativeModule node:internal/modules/cjs/helpers:44:26
      1   50.0%            LazyCompile: ~Module._load node:internal/modules/cjs/loader:757:24
      1   50.0%            Function: ^Module._load node:internal/modules/cjs/loader:757:24
     48    7.5%      Function: ^writevGeneric node:internal/stream_base_commons:126:23
     48  100.0%        Function: ^Socket._writeGeneric node:net:769:42
     48  100.0%          Function: ^Socket._writev node:net:801:36
     48  100.0%            Function: ^doWrite node:internal/streams/writable:399:17
     46    7.2%      LazyCompile: ~compileForInternalLoader node:internal/bootstrap/loaders:299:27
     46  100.0%        LazyCompile: ~nativeModuleRequire node:internal/bootstrap/loaders:332:29
      9   19.6%          Function: ~<anonymous> node:internal/webstreams/adapters:1:1
      9  100.0%            LazyCompile: ~compileForInternalLoader node:internal/bootstrap/loaders:299:27
      5   10.9%          LazyCompile: ~initializeCJSLoader node:internal/bootstrap/pre_execution:421:29
      5  100.0%            LazyCompile: ~prepareMainThreadExecution node:internal/bootstrap/pre_execution:22:36
      5   10.9%          Function: ~<anonymous> node:internal/process/esm_loader:1:1
      5  100.0%            LazyCompile: ~compileForInternalLoader node:internal/bootstrap/loaders:299:27
      5   10.9%          Function: ~<anonymous> node:internal/modules/esm/loader:1:1
      5  100.0%            LazyCompile: ~compileForInternalLoader node:internal/bootstrap/loaders:299:27
      4    8.7%          Function: ~<anonymous> node:internal/webstreams/readablestream:1:1
      4  100.0%            LazyCompile: ~compileForInternalLoader node:internal/bootstrap/loaders:299:27
      4    8.7%          Function: ~<anonymous> node:internal/modules/esm/get_source:1:1
      4  100.0%            LazyCompile: ~compileForInternalLoader node:internal/bootstrap/loaders:299:27
      4    8.7%          Function: ~<anonymous> node:internal/fs/promises:1:1
      4  100.0%            LazyCompile: ~compileForInternalLoader node:internal/bootstrap/loaders:299:27
      1    2.2%          LazyCompile: ~initializeSourceMapsHandlers node:internal/bootstrap/pre_execution:460:38
      1  100.0%            LazyCompile: ~prepareMainThreadExecution node:internal/bootstrap/pre_execution:22:36
      1    2.2%          LazyCompile: ~initializeReport node:internal/bootstrap/pre_execution:182:26
      1  100.0%            LazyCompile: ~prepareMainThreadExecution node:internal/bootstrap/pre_execution:22:36
      1    2.2%          Function: ~<anonymous> node:internal/source_map/source_map_cache:1:1
      1  100.0%            LazyCompile: ~compileForInternalLoader node:internal/bootstrap/loaders:299:27
      1    2.2%          Function: ~<anonymous> node:internal/modules/esm/translators:1:1
      1  100.0%            LazyCompile: ~compileForInternalLoader node:internal/bootstrap/loaders:299:27
      1    2.2%          Function: ~<anonymous> node:internal/modules/esm/resolve:1:1
      1  100.0%            LazyCompile: ~compileForInternalLoader node:internal/bootstrap/loaders:299:27
      1    2.2%          Function: ~<anonymous> node:internal/modules/esm/module_map:1:1
      1  100.0%            LazyCompile: ~compileForInternalLoader node:internal/bootstrap/loaders:299:27
      1    2.2%          Function: ~<anonymous> node:internal/modules/esm/load:1:1
      1  100.0%            LazyCompile: ~compileForInternalLoader node:internal/bootstrap/loaders:299:27
      1    2.2%          Function: ~<anonymous> node:internal/modules/cjs/loader:1:1
      1  100.0%            LazyCompile: ~compileForInternalLoader node:internal/bootstrap/loaders:299:27
      1    2.2%          Function: ~<anonymous> node:internal/main/run_main_module:1:1
      1    2.2%          Function: ~<anonymous> node:internal/bootstrap/pre_execution:1:1
      1  100.0%            LazyCompile: ~compileForInternalLoader node:internal/bootstrap/loaders:299:27
     43    6.7%      Function: ^compileFunction node:vm:308:25
     36   83.7%        Function: ^wrapSafe node:internal/modules/cjs/loader:1011:18
     36  100.0%          Function: ^Module._compile node:internal/modules/cjs/loader:1049:37
     20   55.6%            LazyCompile: ~Module._extensions..js node:internal/modules/cjs/loader:1104:37
     16   44.4%            Function: ^Module._extensions..js node:internal/modules/cjs/loader:1104:37
      7   16.3%        LazyCompile: ~wrapSafe node:internal/modules/cjs/loader:1011:18
      7  100.0%          LazyCompile: ~Module._compile node:internal/modules/cjs/loader:1049:37
      7  100.0%            LazyCompile: ~Module._extensions..js node:internal/modules/cjs/loader:1104:37
     34    5.3%      Function: ^stat node:fs:1452:14
     34  100.0%        Function: ^sendFile /home/drmaquino/Documents/CODERHOUSE/coderhouse-backend-23105/clases 31 y 32 - loggers y profiling/desafiosYEjemplos/profiling/ejemplos/Profiling/node_modules/send/index.js:716:51
     34  100.0%          Function: ^pipe /home/drmaquino/Documents/CODERHOUSE/coderhouse-backend-23105/clases 31 y 32 - loggers y profiling/desafiosYEjemplos/profiling/ejemplos/Profiling/node_modules/send/index.js:510:43
     34  100.0%            Function: ^serveStatic /home/drmaquino/Documents/CODERHOUSE/coderhouse-backend-23105/clases 31 y 32 - loggers y profiling/desafiosYEjemplos/profiling/ejemplos/Profiling/node_modules/serve-static/index.js:72:31
     23    3.6%      /home/drmaquino/.nvm/versions/node/v17.0.1/bin/node
      5   21.7%        Function: ^pipe /home/drmaquino/Documents/CODERHOUSE/coderhouse-backend-23105/clases 31 y 32 - loggers y profiling/desafiosYEjemplos/profiling/ejemplos/Profiling/node_modules/send/index.js:510:43
      5  100.0%          Function: ^serveStatic /home/drmaquino/Documents/CODERHOUSE/coderhouse-backend-23105/clases 31 y 32 - loggers y profiling/desafiosYEjemplos/profiling/ejemplos/Profiling/node_modules/serve-static/index.js:72:31
      3   60.0%            LazyCompile: *next /home/drmaquino/Documents/CODERHOUSE/coderhouse-backend-23105/clases 31 y 32 - loggers y profiling/desafiosYEjemplos/profiling/ejemplos/Profiling/node_modules/express/lib/router/index.js:176:16
      2   40.0%            Function: ^handle /home/drmaquino/Documents/CODERHOUSE/coderhouse-backend-23105/clases 31 y 32 - loggers y profiling/desafiosYEjemplos/profiling/ejemplos/Profiling/node_modules/express/lib/router/layer.js:86:49
      4   17.4%        Function: ^parseQueryStringValues /home/drmaquino/Documents/CODERHOUSE/coderhouse-backend-23105/clases 31 y 32 - loggers y profiling/desafiosYEjemplos/profiling/ejemplos/Profiling/node_modules/qs/lib/parse.js:41:50
      4  100.0%          Function: ^module.exports /home/drmaquino/Documents/CODERHOUSE/coderhouse-backend-23105/clases 31 y 32 - loggers y profiling/desafiosYEjemplos/profiling/ejemplos/Profiling/node_modules/qs/lib/parse.js:222:27
      4  100.0%            Function: ^parseExtendedQueryString /home/drmaquino/Documents/CODERHOUSE/coderhouse-backend-23105/clases 31 y 32 - loggers y profiling/desafiosYEjemplos/profiling/ejemplos/Profiling/node_modules/express/lib/utils.js:291:34
      3   13.0%        Function: ^normalize node:path:1127:12
      2   66.7%          Function: ^pipe /home/drmaquino/Documents/CODERHOUSE/coderhouse-backend-23105/clases 31 y 32 - loggers y profiling/desafiosYEjemplos/profiling/ejemplos/Profiling/node_modules/send/index.js:510:43
      2  100.0%            Function: ^serveStatic /home/drmaquino/Documents/CODERHOUSE/coderhouse-backend-23105/clases 31 y 32 - loggers y profiling/desafiosYEjemplos/profiling/ejemplos/Profiling/node_modules/serve-static/index.js:72:31
      1   33.3%          Function: ^join node:path:1166:7
      1  100.0%            Function: ^pipe /home/drmaquino/Documents/CODERHOUSE/coderhouse-backend-23105/clases 31 y 32 - loggers y profiling/desafiosYEjemplos/profiling/ejemplos/Profiling/node_modules/send/index.js:510:43
      2    8.7%        Function: ^escapeHtml /home/drmaquino/Documents/CODERHOUSE/coderhouse-backend-23105/clases 31 y 32 - loggers y profiling/desafiosYEjemplos/profiling/ejemplos/Profiling/node_modules/escape-html/index.js:33:20
      2  100.0%          Function: ^createHtmlDocument /home/drmaquino/Documents/CODERHOUSE/coderhouse-backend-23105/clases 31 y 32 - loggers y profiling/desafiosYEjemplos/profiling/ejemplos/Profiling/node_modules/finalhandler/index.js:43:29
      2  100.0%            Function: ^write /home/drmaquino/Documents/CODERHOUSE/coderhouse-backend-23105/clases 31 y 32 - loggers y profiling/desafiosYEjemplos/profiling/ejemplos/Profiling/node_modules/finalhandler/index.js:273:18
      1    4.3%        LazyCompile: ~populateMaps /home/drmaquino/Documents/CODERHOUSE/coderhouse-backend-23105/clases 31 y 32 - loggers y profiling/desafiosYEjemplos/profiling/ejemplos/Profiling/node_modules/mime-types/index.js:154:23
      1  100.0%          Function: ~<anonymous> /home/drmaquino/Documents/CODERHOUSE/coderhouse-backend-23105/clases 31 y 32 - loggers y profiling/desafiosYEjemplos/profiling/ejemplos/Profiling/node_modules/mime-types/index.js:1:1
      1  100.0%            Function: ^Module._compile node:internal/modules/cjs/loader:1049:37
      1    4.3%        LazyCompile: ~pathtoRegexp /home/drmaquino/Documents/CODERHOUSE/coderhouse-backend-23105/clases 31 y 32 - loggers y profiling/desafiosYEjemplos/profiling/ejemplos/Profiling/node_modules/path-to-regexp/index.js:28:22
      1  100.0%          LazyCompile: ~Layer /home/drmaquino/Documents/CODERHOUSE/coderhouse-backend-23105/clases 31 y 32 - loggers y profiling/desafiosYEjemplos/profiling/ejemplos/Profiling/node_modules/express/lib/router/layer.js:33:15
      1  100.0%            LazyCompile: ~Layer /home/drmaquino/Documents/CODERHOUSE/coderhouse-backend-23105/clases 31 y 32 - loggers y profiling/desafiosYEjemplos/profiling/ejemplos/Profiling/node_modules/express/lib/router/layer.js:33:15
      1    4.3%        LazyCompile: ~Module._findPath node:internal/modules/cjs/loader:494:28
      1  100.0%          LazyCompile: ~resolveMainPath node:internal/modules/run_main:11:25
      1  100.0%            LazyCompile: ~executeUserEntryPoint node:internal/modules/run_main:74:31
      1    4.3%        LazyCompile: *next /home/drmaquino/Documents/CODERHOUSE/coderhouse-backend-23105/clases 31 y 32 - loggers y profiling/desafiosYEjemplos/profiling/ejemplos/Profiling/node_modules/express/lib/router/index.js:176:16
      1  100.0%          Function: ^error /home/drmaquino/Documents/CODERHOUSE/coderhouse-backend-23105/clases 31 y 32 - loggers y profiling/desafiosYEjemplos/profiling/ejemplos/Profiling/node_modules/serve-static/index.js:115:39
      1  100.0%            Function: ^emit node:events:340:44
      1    4.3%        Function: ~<anonymous> node:internal/crypto/keys:1:1
      1  100.0%          Function: ^compileForInternalLoader node:internal/bootstrap/loaders:299:27
      1  100.0%            Function: ^nativeModuleRequire node:internal/bootstrap/loaders:332:29
      1    4.3%        Function: ^expressInit /home/drmaquino/Documents/CODERHOUSE/coderhouse-backend-23105/clases 31 y 32 - loggers y profiling/desafiosYEjemplos/profiling/ejemplos/Profiling/node_modules/express/lib/middleware/init.js:29:30
      1  100.0%          Function: ^handle /home/drmaquino/Documents/CODERHOUSE/coderhouse-backend-23105/clases 31 y 32 - loggers y profiling/desafiosYEjemplos/profiling/ejemplos/Profiling/node_modules/express/lib/router/layer.js:86:49
      1  100.0%            Function: ^trim_prefix /home/drmaquino/Documents/CODERHOUSE/coderhouse-backend-23105/clases 31 y 32 - loggers y profiling/desafiosYEjemplos/profiling/ejemplos/Profiling/node_modules/express/lib/router/index.js:288:23
      1    4.3%        Function: ^encodeUrl /home/drmaquino/Documents/CODERHOUSE/coderhouse-backend-23105/clases 31 y 32 - loggers y profiling/desafiosYEjemplos/profiling/ejemplos/Profiling/node_modules/encodeurl/index.js:56:20
      1  100.0%          Function: ^<anonymous> /home/drmaquino/Documents/CODERHOUSE/coderhouse-backend-23105/clases 31 y 32 - loggers y profiling/desafiosYEjemplos/profiling/ejemplos/Profiling/node_modules/finalhandler/index.js:86:19
      1  100.0%            Function: ^<anonymous> /home/drmaquino/Documents/CODERHOUSE/coderhouse-backend-23105/clases 31 y 32 - loggers y profiling/desafiosYEjemplos/profiling/ejemplos/Profiling/node_modules/express/lib/router/index.js:629:19
      1    4.3%        Function: ^addListener node:events:486:58
      1  100.0%          Function: ^Readable.on node:internal/streams/readable:898:33
      1  100.0%            LazyCompile: ~connectionListenerInternal node:_http_server:440:36
      1    4.3%        Function: ^Module node:internal/modules/cjs/loader:172:16
      1  100.0%          Function: ^Module._load node:internal/modules/cjs/loader:757:24
      1  100.0%            Function: ^Module.require node:internal/modules/cjs/loader:991:36
     12    1.9%      Function: ^write /home/drmaquino/Documents/CODERHOUSE/coderhouse-backend-23105/clases 31 y 32 - loggers y profiling/desafiosYEjemplos/profiling/ejemplos/Profiling/node_modules/finalhandler/index.js:273:18
     12  100.0%        Function: ^listener /home/drmaquino/Documents/CODERHOUSE/coderhouse-backend-23105/clases 31 y 32 - loggers y profiling/desafiosYEjemplos/profiling/ejemplos/Profiling/node_modules/on-finished/index.js:161:20
     12  100.0%          Function: ^onFinish /home/drmaquino/Documents/CODERHOUSE/coderhouse-backend-23105/clases 31 y 32 - loggers y profiling/desafiosYEjemplos/profiling/ejemplos/Profiling/node_modules/on-finished/index.js:95:20
     12  100.0%            Function: ^callback /home/drmaquino/Documents/CODERHOUSE/coderhouse-backend-23105/clases 31 y 32 - loggers y profiling/desafiosYEjemplos/profiling/ejemplos/Profiling/node_modules/ee-first/index.js:53:20
     10    1.6%      Function: ^read node:internal/modules/package_json_reader:16:14
     10  100.0%        Function: ^readPackage node:internal/modules/cjs/loader:290:21
      9   90.0%          Function: ^resolveExports node:internal/modules/cjs/loader:472:24
      9  100.0%            Function: ^Module._findPath node:internal/modules/cjs/loader:494:28
      1   10.0%          LazyCompile: ~resolveExports node:internal/modules/cjs/loader:472:24
      1  100.0%            Function: ^Module._findPath node:internal/modules/cjs/loader:494:28
      8    1.2%      LazyCompile: ~Module._extensions..json node:internal/modules/cjs/loader:1152:39
      8  100.0%        Function: ^Module.load node:internal/modules/cjs/loader:963:33
      7   87.5%          Function: ^Module._load node:internal/modules/cjs/loader:757:24
      7  100.0%            Function: ^Module.require node:internal/modules/cjs/loader:991:36
      1   12.5%          LazyCompile: ~Module._load node:internal/modules/cjs/loader:757:24
      1  100.0%            Function: ^Module.require node:internal/modules/cjs/loader:991:36
      8    1.2%      Function: ^stat node:internal/modules/cjs/loader:151:14
      4   50.0%        Function: ^tryFile node:internal/modules/cjs/loader:384:17
      4  100.0%          Function: ^tryExtensions node:internal/modules/cjs/loader:400:23
      3   75.0%            Function: ^Module._findPath node:internal/modules/cjs/loader:494:28
      1   25.0%            Function: ^tryPackage node:internal/modules/cjs/loader:338:20
      4   50.0%        Function: ^Module._findPath node:internal/modules/cjs/loader:494:28
      3   75.0%          Function: ^Module._resolveFilename node:internal/modules/cjs/loader:848:35
      3  100.0%            Function: ^Module._load node:internal/modules/cjs/loader:757:24
      1   25.0%          LazyCompile: ~Module._resolveFilename node:internal/modules/cjs/loader:848:35
      1  100.0%            LazyCompile: ~Module._load node:internal/modules/cjs/loader:757:24
      8    1.2%      Function: ^readSync node:fs:684:18
      8  100.0%        Function: ^tryReadSync node:fs:429:21
      8  100.0%          Function: ^readFileSync node:fs:450:22
      6   75.0%            LazyCompile: ~Module._extensions..js node:internal/modules/cjs/loader:1104:37
      2   25.0%            Function: ^Module._extensions..js node:internal/modules/cjs/loader:1104:37
      7    1.1%      LazyCompile: ~compileFunction node:vm:308:25
      7  100.0%        LazyCompile: ~wrapSafe node:internal/modules/cjs/loader:1011:18
      7  100.0%          LazyCompile: ~Module._compile node:internal/modules/cjs/loader:1049:37
      7  100.0%            LazyCompile: ~Module._extensions..js node:internal/modules/cjs/loader:1104:37
      7    1.1%      Function: ^resOnFinish node:_http_server:786:21
      7  100.0%        Function: ^emit node:events:340:44
      7  100.0%          Function: ^onFinish node:_http_outgoing:828:18
      7  100.0%            Function: ^callback node:internal/streams/writable:551:44

    166   11.4%  epoll_pwait

     50    3.4%  __write
     35   70.0%    /home/drmaquino/.nvm/versions/node/v17.0.1/bin/node
      4   11.4%      /home/drmaquino/.nvm/versions/node/v17.0.1/bin/node
      1   25.0%        LazyCompile: ~pathtoRegexp /home/drmaquino/Documents/CODERHOUSE/coderhouse-backend-23105/clases 31 y 32 - loggers y profiling/desafiosYEjemplos/profiling/ejemplos/Profiling/node_modules/path-to-regexp/index.js:28:22
      1  100.0%          LazyCompile: ~Layer /home/drmaquino/Documents/CODERHOUSE/coderhouse-backend-23105/clases 31 y 32 - loggers y profiling/desafiosYEjemplos/profiling/ejemplos/Profiling/node_modules/express/lib/router/layer.js:33:15
      1  100.0%            LazyCompile: ~use /home/drmaquino/Documents/CODERHOUSE/coderhouse-backend-23105/clases 31 y 32 - loggers y profiling/desafiosYEjemplos/profiling/ejemplos/Profiling/node_modules/express/lib/router/index.js:428:25
      1   25.0%        LazyCompile: ~callSiteToString /home/drmaquino/Documents/CODERHOUSE/coderhouse-backend-23105/clases 31 y 32 - loggers y profiling/desafiosYEjemplos/profiling/ejemplos/Profiling/node_modules/depd/lib/compat/index.js:21:76
      1  100.0%          LazyCompile: ~get /home/drmaquino/Documents/CODERHOUSE/coderhouse-backend-23105/clases 31 y 32 - loggers y profiling/desafiosYEjemplos/profiling/ejemplos/Profiling/node_modules/depd/lib/compat/index.js:54:16
      1  100.0%            Function: ~<anonymous> /home/drmaquino/Documents/CODERHOUSE/coderhouse-backend-23105/clases 31 y 32 - loggers y profiling/desafiosYEjemplos/profiling/ejemplos/Profiling/node_modules/depd/index.js:1:1
      1   25.0%        Function: ~<anonymous> /home/drmaquino/Documents/CODERHOUSE/coderhouse-backend-23105/clases 31 y 32 - loggers y profiling/desafiosYEjemplos/profiling/ejemplos/Profiling/node_modules/express/lib/router/route.js:1:1
      1  100.0%          LazyCompile: ~Module._compile node:internal/modules/cjs/loader:1049:37
      1  100.0%            LazyCompile: ~Module._extensions..js node:internal/modules/cjs/loader:1104:37
      1   25.0%        Function: ^getOwn node:internal/bootstrap/loaders:180:16
      1  100.0%          Function: ^syncExports node:internal/bootstrap/loaders:287:14
      1  100.0%            Function: ^<anonymous> node:internal/bootstrap/loaders:273:15
      2    5.7%      LazyCompile: ~realpathSync node:fs:2408:22
      2  100.0%        LazyCompile: ~toRealPath node:internal/modules/cjs/loader:393:20
      2  100.0%          LazyCompile: ~Module._findPath node:internal/modules/cjs/loader:494:28
      2  100.0%            LazyCompile: ~resolveMainPath node:internal/modules/run_main:11:25
      2    5.7%      LazyCompile: ~fastparse /home/drmaquino/Documents/CODERHOUSE/coderhouse-backend-23105/clases 31 y 32 - loggers y profiling/desafiosYEjemplos/profiling/ejemplos/Profiling/node_modules/parseurl/index.js:95:20
      2  100.0%        LazyCompile: ~parseurl /home/drmaquino/Documents/CODERHOUSE/coderhouse-backend-23105/clases 31 y 32 - loggers y profiling/desafiosYEjemplos/profiling/ejemplos/Profiling/node_modules/parseurl/index.js:35:19
      2  100.0%          LazyCompile: ~getPathname /home/drmaquino/Documents/CODERHOUSE/coderhouse-backend-23105/clases 31 y 32 - loggers y profiling/desafiosYEjemplos/profiling/ejemplos/Profiling/node_modules/express/lib/router/index.js:526:21
      2  100.0%            LazyCompile: ~next /home/drmaquino/Documents/CODERHOUSE/coderhouse-backend-23105/clases 31 y 32 - loggers y profiling/desafiosYEjemplos/profiling/ejemplos/Profiling/node_modules/express/lib/router/index.js:176:16
      2    5.7%      LazyCompile: ~_finish node:_http_outgoing:908:53
      2  100.0%        LazyCompile: ~_finish node:_http_server:203:52
      2  100.0%          LazyCompile: ~end node:_http_outgoing:833:45
      2  100.0%            LazyCompile: ~write /home/drmaquino/Documents/CODERHOUSE/coderhouse-backend-23105/clases 31 y 32 - loggers y profiling/desafiosYEjemplos/profiling/ejemplos/Profiling/node_modules/finalhandler/index.js:273:18
      1    2.9%      LazyCompile: ~toRealPath node:internal/modules/cjs/loader:393:20
      1  100.0%        LazyCompile: ~Module._findPath node:internal/modules/cjs/loader:494:28
      1  100.0%          LazyCompile: ~resolveMainPath node:internal/modules/run_main:11:25
      1  100.0%            LazyCompile: ~executeUserEntryPoint node:internal/modules/run_main:74:31
      1    2.9%      LazyCompile: ~stat node:fs:1452:14
      1  100.0%        LazyCompile: ~sendFile /home/drmaquino/Documents/CODERHOUSE/coderhouse-backend-23105/clases 31 y 32 - loggers y profiling/desafiosYEjemplos/profiling/ejemplos/Profiling/node_modules/send/index.js:716:51
      1  100.0%          LazyCompile: ~pipe /home/drmaquino/Documents/CODERHOUSE/coderhouse-backend-23105/clases 31 y 32 - loggers y profiling/desafiosYEjemplos/profiling/ejemplos/Profiling/node_modules/send/index.js:510:43
      1  100.0%            LazyCompile: ~serveStatic /home/drmaquino/Documents/CODERHOUSE/coderhouse-backend-23105/clases 31 y 32 - loggers y profiling/desafiosYEjemplos/profiling/ejemplos/Profiling/node_modules/serve-static/index.js:72:31
      1    2.9%      LazyCompile: ~setupPerfHooks node:internal/bootstrap/pre_execution:227:24
      1  100.0%        LazyCompile: ~prepareMainThreadExecution node:internal/bootstrap/pre_execution:22:36
      1  100.0%          Function: ~<anonymous> node:internal/main/run_main_module:1:1
      1    2.9%      LazyCompile: ~readFileSync node:fs:450:22
      1  100.0%        LazyCompile: ~Module._extensions..js node:internal/modules/cjs/loader:1104:37
      1  100.0%          LazyCompile: ~Module.load node:internal/modules/cjs/loader:963:33
      1  100.0%            LazyCompile: ~Module._load node:internal/modules/cjs/loader:757:24
      1    2.9%      LazyCompile: ~prepareMainThreadExecution node:internal/bootstrap/pre_execution:22:36
      1  100.0%        Function: ~<anonymous> node:internal/main/run_main_module:1:1
      1    2.9%      LazyCompile: ~parseQueryStringValues /home/drmaquino/Documents/CODERHOUSE/coderhouse-backend-23105/clases 31 y 32 - loggers y profiling/desafiosYEjemplos/profiling/ejemplos/Profiling/node_modules/qs/lib/parse.js:41:50
      1  100.0%        Function: ^module.exports /home/drmaquino/Documents/CODERHOUSE/coderhouse-backend-23105/clases 31 y 32 - loggers y profiling/desafiosYEjemplos/profiling/ejemplos/Profiling/node_modules/qs/lib/parse.js:222:27
      1  100.0%          LazyCompile: ~parseExtendedQueryString /home/drmaquino/Documents/CODERHOUSE/coderhouse-backend-23105/clases 31 y 32 - loggers y profiling/desafiosYEjemplos/profiling/ejemplos/Profiling/node_modules/express/lib/utils.js:291:34
      1  100.0%            LazyCompile: ~query /home/drmaquino/Documents/CODERHOUSE/coderhouse-backend-23105/clases 31 y 32 - loggers y profiling/desafiosYEjemplos/profiling/ejemplos/Profiling/node_modules/express/lib/middleware/query.js:39:24
      1    2.9%      LazyCompile: ~parseExtendedQueryString /home/drmaquino/Documents/CODERHOUSE/coderhouse-backend-23105/clases 31 y 32 - loggers y profiling/desafiosYEjemplos/profiling/ejemplos/Profiling/node_modules/express/lib/utils.js:291:34
      1  100.0%        LazyCompile: ~query /home/drmaquino/Documents/CODERHOUSE/coderhouse-backend-23105/clases 31 y 32 - loggers y profiling/desafiosYEjemplos/profiling/ejemplos/Profiling/node_modules/express/lib/middleware/query.js:39:24
      1  100.0%          LazyCompile: ~handle /home/drmaquino/Documents/CODERHOUSE/coderhouse-backend-23105/clases 31 y 32 - loggers y profiling/desafiosYEjemplos/profiling/ejemplos/Profiling/node_modules/express/lib/router/layer.js:86:49
      1  100.0%            LazyCompile: ~trim_prefix /home/drmaquino/Documents/CODERHOUSE/coderhouse-backend-23105/clases 31 y 32 - loggers y profiling/desafiosYEjemplos/profiling/ejemplos/Profiling/node_modules/express/lib/router/index.js:288:23
      1    2.9%      LazyCompile: ~normalizeArgs node:net:217:23
      1  100.0%        LazyCompile: ~Server.listen node:net:1414:35
      1  100.0%          LazyCompile: ~listen /home/drmaquino/Documents/CODERHOUSE/coderhouse-backend-23105/clases 31 y 32 - loggers y profiling/desafiosYEjemplos/profiling/ejemplos/Profiling/node_modules/express/lib/application.js:616:29
      1  100.0%            Function: ~<anonymous> /home/drmaquino/Documents/CODERHOUSE/coderhouse-backend-23105/clases 31 y 32 - loggers y profiling/desafiosYEjemplos/profiling/ejemplos/Profiling/server.js:1:1
      1    2.9%      LazyCompile: ~nextTick node:internal/process/task_queues:104:18
      1  100.0%        LazyCompile: ~defaultTriggerAsyncIdScope node:internal/async_hooks:445:36
      1  100.0%          LazyCompile: ~setupListenHandle node:net:1287:27
      1  100.0%            LazyCompile: ~listenInCluster node:net:1372:25
      1    2.9%      LazyCompile: ~next /home/drmaquino/Documents/CODERHOUSE/coderhouse-backend-23105/clases 31 y 32 - loggers y profiling/desafiosYEjemplos/profiling/ejemplos/Profiling/node_modules/express/lib/router/index.js:176:16
      1  100.0%        LazyCompile: ~handle /home/drmaquino/Documents/CODERHOUSE/coderhouse-backend-23105/clases 31 y 32 - loggers y profiling/desafiosYEjemplos/profiling/ejemplos/Profiling/node_modules/express/lib/router/index.js:136:31
      1  100.0%          LazyCompile: ~handle /home/drmaquino/Documents/CODERHOUSE/coderhouse-backend-23105/clases 31 y 32 - loggers y profiling/desafiosYEjemplos/profiling/ejemplos/Profiling/node_modules/express/lib/application.js:158:29
      1  100.0%            LazyCompile: ~app /home/drmaquino/Documents/CODERHOUSE/coderhouse-backend-23105/clases 31 y 32 - loggers y profiling/desafiosYEjemplos/profiling/ejemplos/Profiling/node_modules/express/lib/express.js:38:21
      1    2.9%      LazyCompile: ~handle /home/drmaquino/Documents/CODERHOUSE/coderhouse-backend-23105/clases 31 y 32 - loggers y profiling/desafiosYEjemplos/profiling/ejemplos/Profiling/node_modules/express/lib/router/index.js:136:31
      1  100.0%        LazyCompile: ~handle /home/drmaquino/Documents/CODERHOUSE/coderhouse-backend-23105/clases 31 y 32 - loggers y profiling/desafiosYEjemplos/profiling/ejemplos/Profiling/node_modules/express/lib/application.js:158:29
      1  100.0%          LazyCompile: ~app /home/drmaquino/Documents/CODERHOUSE/coderhouse-backend-23105/clases 31 y 32 - loggers y profiling/desafiosYEjemplos/profiling/ejemplos/Profiling/node_modules/express/lib/express.js:38:21
      1  100.0%            LazyCompile: ~emit node:events:340:44
      1    2.9%      LazyCompile: ~get hasSubscribers node:diagnostics_channel:82:21
      1  100.0%        LazyCompile: ~parserOnIncoming node:_http_server:852:26
      1  100.0%          LazyCompile: ~parserOnHeadersComplete node:_http_common:77:33
      1    2.9%      LazyCompile: ~exports.compileTrust /home/drmaquino/Documents/CODERHOUSE/coderhouse-backend-23105/clases 31 y 32 - loggers y profiling/desafiosYEjemplos/profiling/ejemplos/Profiling/node_modules/express/lib/utils.js:220:32
      1  100.0%        LazyCompile: ~set /home/drmaquino/Documents/CODERHOUSE/coderhouse-backend-23105/clases 31 y 32 - loggers y profiling/desafiosYEjemplos/profiling/ejemplos/Profiling/node_modules/express/lib/application.js:352:23
      1  100.0%          LazyCompile: ~defaultConfiguration /home/drmaquino/Documents/CODERHOUSE/coderhouse-backend-23105/clases 31 y 32 - loggers y profiling/desafiosYEjemplos/profiling/ejemplos/Profiling/node_modules/express/lib/application.js:70:57
      1  100.0%            LazyCompile: ~init /home/drmaquino/Documents/CODERHOUSE/coderhouse-backend-23105/clases 31 y 32 - loggers y profiling/desafiosYEjemplos/profiling/ejemplos/Profiling/node_modules/express/lib/application.js:57:25
      1    2.9%      LazyCompile: ~dispatch /home/drmaquino/Documents/CODERHOUSE/coderhouse-backend-23105/clases 31 y 32 - loggers y profiling/desafiosYEjemplos/profiling/ejemplos/Profiling/node_modules/express/lib/router/route.js:98:45
      1  100.0%        LazyCompile: ~handle /home/drmaquino/Documents/CODERHOUSE/coderhouse-backend-23105/clases 31 y 32 - loggers y profiling/desafiosYEjemplos/profiling/ejemplos/Profiling/node_modules/express/lib/router/layer.js:86:49
      1  100.0%          LazyCompile: ~<anonymous> /home/drmaquino/Documents/CODERHOUSE/coderhouse-backend-23105/clases 31 y 32 - loggers y profiling/desafiosYEjemplos/profiling/ejemplos/Profiling/node_modules/express/lib/router/index.js:275:64
      1  100.0%            LazyCompile: ~process_params /home/drmaquino/Documents/CODERHOUSE/coderhouse-backend-23105/clases 31 y 32 - loggers y profiling/desafiosYEjemplos/profiling/ejemplos/Profiling/node_modules/express/lib/router/index.js:327:47
      1    2.9%      LazyCompile: ~defaultTriggerAsyncIdScope node:internal/async_hooks:445:36
      1  100.0%        LazyCompile: ~setupListenHandle node:net:1287:27
      1  100.0%          LazyCompile: ~listenInCluster node:net:1372:25
      1  100.0%            LazyCompile: ~Server.listen node:net:1414:35
      1    2.9%      LazyCompile: ~createApplication /home/drmaquino/Documents/CODERHOUSE/coderhouse-backend-23105/clases 31 y 32 - loggers y profiling/desafiosYEjemplos/profiling/ejemplos/Profiling/node_modules/express/lib/express.js:37:27
      1  100.0%        Function: ~<anonymous> /home/drmaquino/Documents/CODERHOUSE/coderhouse-backend-23105/clases 31 y 32 - loggers y profiling/desafiosYEjemplos/profiling/ejemplos/Profiling/server.js:1:1
      1  100.0%          LazyCompile: ~Module._compile node:internal/modules/cjs/loader:1049:37
      1  100.0%            LazyCompile: ~Module._extensions..js node:internal/modules/cjs/loader:1104:37
      1    2.9%      LazyCompile: ~_addListener node:events:418:22
      1  100.0%        LazyCompile: ~addListener node:events:486:58
      1  100.0%          LazyCompile: ~getStdout node:internal/bootstrap/switches/is_main_thread:121:19
      1  100.0%            LazyCompile: ~get node:internal/console/constructor:202:14
      1    2.9%      LazyCompile: ~Socket._writeGeneric node:net:769:42
      1  100.0%        LazyCompile: ~Socket._write node:net:806:35
      1  100.0%          LazyCompile: ~writeOrBuffer node:internal/streams/writable:366:23
      1  100.0%            LazyCompile: ~_write node:internal/streams/writable:284:16
      1    2.9%      LazyCompile: ~Socket node:net:283:16
      1  100.0%        LazyCompile: ~onconnection node:net:1548:22
      1    2.9%      LazyCompile: ~Module._findPath node:internal/modules/cjs/loader:494:28
      1  100.0%        LazyCompile: ~Module._resolveFilename node:internal/modules/cjs/loader:848:35
      1  100.0%          LazyCompile: ~Module._load node:internal/modules/cjs/loader:757:24
      1  100.0%            LazyCompile: ~Module.require node:internal/modules/cjs/loader:991:36
      1    2.9%      LazyCompile: ~<anonymous> node:path:1082:10
      1  100.0%        LazyCompile: ~resolve node:path:1091:10
      1  100.0%          LazyCompile: ~patchProcessObject node:internal/bootstrap/pre_execution:81:28
      1  100.0%            LazyCompile: ~prepareMainThreadExecution node:internal/bootstrap/pre_execution:22:36
      1    2.9%      Function: ~<anonymous> node:internal/modules/cjs/loader:1:1
      1  100.0%        LazyCompile: ~compileForInternalLoader node:internal/bootstrap/loaders:299:27
      1  100.0%          LazyCompile: ~nativeModuleRequire node:internal/bootstrap/loaders:332:29
      1  100.0%            LazyCompile: ~initializeCJSLoader node:internal/bootstrap/pre_execution:421:29
      1    2.9%      Function: ~<anonymous> /home/drmaquino/Documents/CODERHOUSE/coderhouse-backend-23105/clases 31 y 32 - loggers y profiling/desafiosYEjemplos/profiling/ejemplos/Profiling/node_modules/http-errors/index.js:1:1
      1  100.0%        Function: ^Module._compile node:internal/modules/cjs/loader:1049:37
      1  100.0%          LazyCompile: ~Module._extensions..js node:internal/modules/cjs/loader:1104:37
      1  100.0%            Function: ^Module.load node:internal/modules/cjs/loader:963:33
      1    2.9%      Function: ^setRequestTimeout node:_http_server:760:27
      1    2.9%      Function: ^callback /home/drmaquino/Documents/CODERHOUSE/coderhouse-backend-23105/clases 31 y 32 - loggers y profiling/desafiosYEjemplos/profiling/ejemplos/Profiling/node_modules/ee-first/index.js:53:20
      1  100.0%        Function: ^onevent /home/drmaquino/Documents/CODERHOUSE/coderhouse-backend-23105/clases 31 y 32 - loggers y profiling/desafiosYEjemplos/profiling/ejemplos/Profiling/node_modules/ee-first/index.js:81:26
      1  100.0%          Function: ^emit node:events:340:44
      1  100.0%            Function: ^endReadableNT node:internal/streams/readable:1333:23

     29    2.0%  fwrite
     27   93.1%    /home/drmaquino/.nvm/versions/node/v17.0.1/bin/node
      4   14.8%      LazyCompile: ~realpathSync node:fs:2408:22
      4  100.0%        LazyCompile: ~toRealPath node:internal/modules/cjs/loader:393:20
      4  100.0%          LazyCompile: ~Module._findPath node:internal/modules/cjs/loader:494:28
      4  100.0%            LazyCompile: ~resolveMainPath node:internal/modules/run_main:11:25
      3   11.1%      LazyCompile: ~patchProcessObject node:internal/bootstrap/pre_execution:81:28
      3  100.0%        LazyCompile: ~prepareMainThreadExecution node:internal/bootstrap/pre_execution:22:36
      3  100.0%          Function: ~<anonymous> node:internal/main/run_main_module:1:1
      2    7.4%      LazyCompile: ~value node:internal/console/constructor:320:20
      2  100.0%        LazyCompile: ~log node:internal/console/constructor:358:6
      2  100.0%          /home/drmaquino/.nvm/versions/node/v17.0.1/bin/node
      2  100.0%            LazyCompile: ~<anonymous> /home/drmaquino/Documents/CODERHOUSE/coderhouse-backend-23105/clases 31 y 32 - loggers y profiling/desafiosYEjemplos/profiling/ejemplos/Profiling/server.js:77:33
      2    7.4%      LazyCompile: ~toRealPath node:internal/modules/cjs/loader:393:20
      2  100.0%        LazyCompile: ~Module._findPath node:internal/modules/cjs/loader:494:28
      2  100.0%          LazyCompile: ~resolveMainPath node:internal/modules/run_main:11:25
      2  100.0%            LazyCompile: ~executeUserEntryPoint node:internal/modules/run_main:74:31
      2    7.4%      LazyCompile: ~createWritableStdioStream node:internal/bootstrap/switches/is_main_thread:41:35
      2  100.0%        LazyCompile: ~getStderr node:internal/bootstrap/switches/is_main_thread:133:19
      2  100.0%          Function: ~<anonymous> /home/drmaquino/Documents/CODERHOUSE/coderhouse-backend-23105/clases 31 y 32 - loggers y profiling/desafiosYEjemplos/profiling/ejemplos/Profiling/node_modules/debug/src/node.js:1:1
      2  100.0%            LazyCompile: ~Module._compile node:internal/modules/cjs/loader:1049:37
      2    7.4%      /home/drmaquino/.nvm/versions/node/v17.0.1/bin/node
      1   50.0%        LazyCompile: ~callSiteToString /home/drmaquino/Documents/CODERHOUSE/coderhouse-backend-23105/clases 31 y 32 - loggers y profiling/desafiosYEjemplos/profiling/ejemplos/Profiling/node_modules/depd/lib/compat/index.js:21:76
      1  100.0%          LazyCompile: ~get /home/drmaquino/Documents/CODERHOUSE/coderhouse-backend-23105/clases 31 y 32 - loggers y profiling/desafiosYEjemplos/profiling/ejemplos/Profiling/node_modules/depd/lib/compat/index.js:54:16
      1  100.0%            Function: ~<anonymous> /home/drmaquino/Documents/CODERHOUSE/coderhouse-backend-23105/clases 31 y 32 - loggers y profiling/desafiosYEjemplos/profiling/ejemplos/Profiling/node_modules/depd/index.js:1:1
      1   50.0%        LazyCompile: ~<anonymous> /home/drmaquino/Documents/CODERHOUSE/coderhouse-backend-23105/clases 31 y 32 - loggers y profiling/desafiosYEjemplos/profiling/ejemplos/Profiling/server.js:77:33
      1  100.0%          LazyCompile: ~onceWrapper node:events:504:21
      1  100.0%            LazyCompile: ~emit node:events:340:44
      1    3.7%      LazyCompile: ~wrapSafe node:internal/modules/cjs/loader:1011:18
      1  100.0%        LazyCompile: ~Module._compile node:internal/modules/cjs/loader:1049:37
      1  100.0%          LazyCompile: ~Module._extensions..js node:internal/modules/cjs/loader:1104:37
      1  100.0%            LazyCompile: ~Module.load node:internal/modules/cjs/loader:963:33
      1    3.7%      LazyCompile: ~toString node:buffer:782:46
      1  100.0%        LazyCompile: ~readFileSync node:fs:450:22
      1  100.0%          LazyCompile: ~Module._extensions..js node:internal/modules/cjs/loader:1104:37
      1  100.0%            LazyCompile: ~Module.load node:internal/modules/cjs/loader:963:33
      1    3.7%      LazyCompile: ~setupWarningHandler node:internal/bootstrap/pre_execution:141:29
      1  100.0%        LazyCompile: ~prepareMainThreadExecution node:internal/bootstrap/pre_execution:22:36
      1  100.0%          Function: ~<anonymous> node:internal/main/run_main_module:1:1
      1    3.7%      LazyCompile: ~prepareMainThreadExecution node:internal/bootstrap/pre_execution:22:36
      1  100.0%        Function: ~<anonymous> node:internal/main/run_main_module:1:1
      1    3.7%      LazyCompile: ~attachListener /home/drmaquino/Documents/CODERHOUSE/coderhouse-backend-23105/clases 31 y 32 - loggers y profiling/desafiosYEjemplos/profiling/ejemplos/Profiling/node_modules/on-finished/index.js:140:24
      1  100.0%        LazyCompile: ~onFinished /home/drmaquino/Documents/CODERHOUSE/coderhouse-backend-23105/clases 31 y 32 - loggers y profiling/desafiosYEjemplos/profiling/ejemplos/Profiling/node_modules/on-finished/index.js:45:20
      1  100.0%          LazyCompile: ~send /home/drmaquino/Documents/CODERHOUSE/coderhouse-backend-23105/clases 31 y 32 - loggers y profiling/desafiosYEjemplos/profiling/ejemplos/Profiling/node_modules/finalhandler/index.js:272:15
      1  100.0%            LazyCompile: ~<anonymous> /home/drmaquino/Documents/CODERHOUSE/coderhouse-backend-23105/clases 31 y 32 - loggers y profiling/desafiosYEjemplos/profiling/ejemplos/Profiling/node_modules/finalhandler/index.js:86:19
      1    3.7%      LazyCompile: ~allocUnsafe node:buffer:372:42
      1  100.0%        LazyCompile: ~tryCreateBuffer node:fs:414:25
      1  100.0%          LazyCompile: ~readFileSync node:fs:450:22
      1  100.0%            LazyCompile: ~Module._extensions..js node:internal/modules/cjs/loader:1104:37
      1    3.7%      LazyCompile: ~afterWriteTick node:internal/streams/writable:483:24
      1  100.0%        Function: ^processTicksAndRejections node:internal/process/task_queues:68:35
      1    3.7%      LazyCompile: ~ReadableState node:internal/streams/readable:83:23
      1  100.0%        LazyCompile: ~Readable node:internal/streams/readable:186:18
      1  100.0%          LazyCompile: ~Duplex node:internal/streams/duplex:52:16
      1  100.0%            LazyCompile: ~Socket node:net:283:16
      1    3.7%      LazyCompile: ~<anonymous> /home/drmaquino/Documents/CODERHOUSE/coderhouse-backend-23105/clases 31 y 32 - loggers y profiling/desafiosYEjemplos/profiling/ejemplos/Profiling/node_modules/express/lib/express.js:109:37
      1  100.0%        /home/drmaquino/.nvm/versions/node/v17.0.1/bin/node
      1  100.0%          Function: ~<anonymous> /home/drmaquino/Documents/CODERHOUSE/coderhouse-backend-23105/clases 31 y 32 - loggers y profiling/desafiosYEjemplos/profiling/ejemplos/Profiling/node_modules/express/lib/express.js:1:1
      1  100.0%            LazyCompile: ~Module._compile node:internal/modules/cjs/loader:1049:37
      1    3.7%      Function: ~<anonymous> node:internal/fs/promises:1:1
      1  100.0%        LazyCompile: ~compileForInternalLoader node:internal/bootstrap/loaders:299:27
      1  100.0%          LazyCompile: ~nativeModuleRequire node:internal/bootstrap/loaders:332:29
      1  100.0%            Function: ~<anonymous> node:internal/modules/esm/get_source:1:1
      1    3.7%      Function: ~<anonymous> /home/drmaquino/Documents/CODERHOUSE/coderhouse-backend-23105/clases 31 y 32 - loggers y profiling/desafiosYEjemplos/profiling/ejemplos/Profiling/node_modules/mime/mime.js:1:1
      1  100.0%        Function: ^Module._compile node:internal/modules/cjs/loader:1049:37
      1  100.0%          LazyCompile: ~Module._extensions..js node:internal/modules/cjs/loader:1104:37
      1  100.0%            Function: ^Module.load node:internal/modules/cjs/loader:963:33
      1    3.7%      Function: ~<anonymous> /home/drmaquino/Documents/CODERHOUSE/coderhouse-backend-23105/clases 31 y 32 - loggers y profiling/desafiosYEjemplos/profiling/ejemplos/Profiling/node_modules/debug/src/node.js:1:1
      1  100.0%        LazyCompile: ~Module._compile node:internal/modules/cjs/loader:1049:37
      1  100.0%          LazyCompile: ~Module._extensions..js node:internal/modules/cjs/loader:1104:37
      1  100.0%            LazyCompile: ~Module.load node:internal/modules/cjs/loader:963:33

     24    1.6%  /usr/lib/x86_64-linux-gnu/libc-2.31.so
     15   62.5%    /home/drmaquino/.nvm/versions/node/v17.0.1/bin/node
      4   26.7%      /home/drmaquino/.nvm/versions/node/v17.0.1/bin/node
      1   25.0%        LazyCompile: ~header /home/drmaquino/Documents/CODERHOUSE/coderhouse-backend-23105/clases 31 y 32 - loggers y profiling/desafiosYEjemplos/profiling/ejemplos/Profiling/node_modules/express/lib/response.js:754:29
      1  100.0%          LazyCompile: ~contentType /home/drmaquino/Documents/CODERHOUSE/coderhouse-backend-23105/clases 31 y 32 - loggers y profiling/desafiosYEjemplos/profiling/ejemplos/Profiling/node_modules/express/lib/response.js:594:32
      1  100.0%            LazyCompile: ~sendStatus /home/drmaquino/Documents/CODERHOUSE/coderhouse-backend-23105/clases 31 y 32 - loggers y profiling/desafiosYEjemplos/profiling/ejemplos/Profiling/node_modules/express/lib/response.js:353:37
      1   25.0%        Function: ^stat node:internal/modules/cjs/loader:151:14
      1  100.0%          LazyCompile: ~tryFile node:internal/modules/cjs/loader:384:17
      1  100.0%            Function: ^tryExtensions node:internal/modules/cjs/loader:400:23
      1   25.0%        Function: ^readPackage node:internal/modules/cjs/loader:290:21
      1  100.0%          Function: ^tryPackage node:internal/modules/cjs/loader:338:20
      1  100.0%            Function: ^Module._findPath node:internal/modules/cjs/loader:494:28
      1   25.0%        Function: ^normalize node:path:1127:12
      1  100.0%          Function: ^pipe /home/drmaquino/Documents/CODERHOUSE/coderhouse-backend-23105/clases 31 y 32 - loggers y profiling/desafiosYEjemplos/profiling/ejemplos/Profiling/node_modules/send/index.js:510:43
      1  100.0%            Function: ^serveStatic /home/drmaquino/Documents/CODERHOUSE/coderhouse-backend-23105/clases 31 y 32 - loggers y profiling/desafiosYEjemplos/profiling/ejemplos/Profiling/node_modules/serve-static/index.js:72:31
      2   13.3%      LazyCompile: ~prepareMainThreadExecution node:internal/bootstrap/pre_execution:22:36
      2  100.0%        Function: ~<anonymous> node:internal/main/run_main_module:1:1
      1    6.7%      LazyCompile: ~toRealPath node:internal/modules/cjs/loader:393:20
      1  100.0%        LazyCompile: ~Module._findPath node:internal/modules/cjs/loader:494:28
      1  100.0%          LazyCompile: ~resolveMainPath node:internal/modules/run_main:11:25
      1  100.0%            LazyCompile: ~executeUserEntryPoint node:internal/modules/run_main:74:31
      1    6.7%      LazyCompile: ~send /home/drmaquino/Documents/CODERHOUSE/coderhouse-backend-23105/clases 31 y 32 - loggers y profiling/desafiosYEjemplos/profiling/ejemplos/Profiling/node_modules/express/lib/response.js:107:25
      1  100.0%        LazyCompile: ~sendStatus /home/drmaquino/Documents/CODERHOUSE/coderhouse-backend-23105/clases 31 y 32 - loggers y profiling/desafiosYEjemplos/profiling/ejemplos/Profiling/node_modules/express/lib/response.js:353:37
      1  100.0%          LazyCompile: ~<anonymous> /home/drmaquino/Documents/CODERHOUSE/coderhouse-backend-23105/clases 31 y 32 - loggers y profiling/desafiosYEjemplos/profiling/ejemplos/Profiling/server.js:14:21
      1  100.0%            LazyCompile: ~handle /home/drmaquino/Documents/CODERHOUSE/coderhouse-backend-23105/clases 31 y 32 - loggers y profiling/desafiosYEjemplos/profiling/ejemplos/Profiling/node_modules/express/lib/router/layer.js:86:49
      1    6.7%      LazyCompile: ~get node:crypto:287:8
      1  100.0%        /home/drmaquino/.nvm/versions/node/v17.0.1/bin/node
      1  100.0%          Function: ^getOwn node:internal/bootstrap/loaders:180:16
      1  100.0%            Function: ^syncExports node:internal/bootstrap/loaders:287:14
      1    6.7%      LazyCompile: ~defineGetter /home/drmaquino/Documents/CODERHOUSE/coderhouse-backend-23105/clases 31 y 32 - loggers y profiling/desafiosYEjemplos/profiling/ejemplos/Profiling/node_modules/express/lib/request.js:519:22
      1  100.0%        Function: ~<anonymous> /home/drmaquino/Documents/CODERHOUSE/coderhouse-backend-23105/clases 31 y 32 - loggers y profiling/desafiosYEjemplos/profiling/ejemplos/Profiling/node_modules/express/lib/request.js:1:1
      1  100.0%          Function: ^Module._compile node:internal/modules/cjs/loader:1049:37
      1  100.0%            Function: ^Module._extensions..js node:internal/modules/cjs/loader:1104:37
      1    6.7%      Function: ~<anonymous> node:internal/fs/rimraf:1:1
      1  100.0%        LazyCompile: ~compileForInternalLoader node:internal/bootstrap/loaders:299:27
      1  100.0%          LazyCompile: ~nativeModuleRequire node:internal/bootstrap/loaders:332:29
      1  100.0%            Function: ~<anonymous> node:internal/fs/promises:1:1
      1    6.7%      Function: ~<anonymous> /home/drmaquino/Documents/CODERHOUSE/coderhouse-backend-23105/clases 31 y 32 - loggers y profiling/desafiosYEjemplos/profiling/ejemplos/Profiling/node_modules/ipaddr.js/lib/ipaddr.js:199:26
      1  100.0%        Function: ~<anonymous> /home/drmaquino/Documents/CODERHOUSE/coderhouse-backend-23105/clases 31 y 32 - loggers y profiling/desafiosYEjemplos/profiling/ejemplos/Profiling/node_modules/ipaddr.js/lib/ipaddr.js:1:10
      1  100.0%          Function: ~<anonymous> /home/drmaquino/Documents/CODERHOUSE/coderhouse-backend-23105/clases 31 y 32 - loggers y profiling/desafiosYEjemplos/profiling/ejemplos/Profiling/node_modules/ipaddr.js/lib/ipaddr.js:1:1
      1  100.0%            Function: ^Module._compile node:internal/modules/cjs/loader:1049:37
      1    6.7%      Function: ^realpathSync node:fs:2408:22
      1  100.0%        Function: ^toRealPath node:internal/modules/cjs/loader:393:20
      1  100.0%          Function: ^tryFile node:internal/modules/cjs/loader:384:17
      1  100.0%            Function: ^tryExtensions node:internal/modules/cjs/loader:400:23
      1    6.7%      Function: ^decode /home/drmaquino/Documents/CODERHOUSE/coderhouse-backend-23105/clases 31 y 32 - loggers y profiling/desafiosYEjemplos/profiling/ejemplos/Profiling/node_modules/qs/lib/utils.js:108:23
      1  100.0%        Function: ^parseQueryStringValues /home/drmaquino/Documents/CODERHOUSE/coderhouse-backend-23105/clases 31 y 32 - loggers y profiling/desafiosYEjemplos/profiling/ejemplos/Profiling/node_modules/qs/lib/parse.js:41:50
      1  100.0%          Function: ^module.exports /home/drmaquino/Documents/CODERHOUSE/coderhouse-backend-23105/clases 31 y 32 - loggers y profiling/desafiosYEjemplos/profiling/ejemplos/Profiling/node_modules/qs/lib/parse.js:222:27
      1  100.0%            Function: ^parseExtendedQueryString /home/drmaquino/Documents/CODERHOUSE/coderhouse-backend-23105/clases 31 y 32 - loggers y profiling/desafiosYEjemplos/profiling/ejemplos/Profiling/node_modules/express/lib/utils.js:291:34
      1    6.7%      Function: ^Module._load node:internal/modules/cjs/loader:757:24
      1  100.0%        Function: ^Module.require node:internal/modules/cjs/loader:991:36
      1  100.0%          Function: ^require node:internal/modules/cjs/helpers:101:31
      1  100.0%            Function: ~<anonymous> /home/drmaquino/Documents/CODERHOUSE/coderhouse-backend-23105/clases 31 y 32 - loggers y profiling/desafiosYEjemplos/profiling/ejemplos/Profiling/node_modules/qs/lib/stringify.js:1:1

